<?xml version="1.0" encoding="UTF-8"?>
<!-- Generated by org.testng.reporters.JUnitXMLReporter -->
<testsuite hostname="LAPTOP-MHOFMG9V" ignored="2" name="Default test" tests="1" failures="0" timestamp="27 Sep 2018 17:38:59 GMT" time="89.604" errors="0">
  <testcase name="validateMultipleWindowButton" time="10.863" classname="qa.testcases.TestSwitchTo_Window"/>
  <testcase name="ValidateSwitchTo_Window_Page" time="0.0" classname="qa.testcases.TestSwitchTo_Window">
    <ignored/>
  </testcase> <!-- ValidateSwitchTo_Window_Page -->
  <testcase name="validateNewTabWindow" time="0.0" classname="qa.testcases.TestSwitchTo_Window">
    <ignored/>
  </testcase> <!-- validateNewTabWindow -->
</testsuite> <!-- Default test -->
